1693578436838	geckodriver	INFO	Listening on 127.0.0.1:63830
1693578439910	mozrunner::runner	INFO	Running command: "C:\\Program Files\\Mozilla Firefox\\firefox.exe" "--marionette" "--remote-debugging-port" "63831" "--remote-allow-hosts" "localhost" "-no-remote" "-profile" "C:\\Users\\ADMINI~1\\AppData\\Local\\Temp\\rust_mozprofileTZRhd4"
console.warn: services.settings: Ignoring preference override of remote settings server
console.warn: services.settings: Allow by setting MOZ_REMOTE_SETTINGS_DEVTOOLS=1 in the environment
1693578440148	Marionette	INFO	Marionette enabled
Dynamically enable window occlusion 0
1693578440336	Marionette	INFO	Listening on port 63839
WebDriver BiDi listening on ws://127.0.0.1:63831
Read port: 63839
1693578440579	RemoteAgent	WARN	TLS certificate errors will be ignored for this session
DevTools listening on ws://127.0.0.1:63831/devtools/browser/08764861-fd65-4273-b70d-efba56a9e72a
JavaScript warning: https://assets.alicdn.com/g/secdev/nsv/1.0.87/ns_f_95_3_n.js?v=1, line 5: WebGL context was lost.
JavaScript warning: https://assets.alicdn.com/g/secdev/sufei_data/3.9.10/index.js, line 1: WebGL context was lost.
JavaScript warning: https://assets.alicdn.com/g/AWSC/et/1.66.7/et_n.js, line 5: WEBGL_debug_renderer_info is deprecated in Firefox and will be removed. Please use RENDERER.
JavaScript warning: https://assets.alicdn.com/g/AWSC/et/1.66.7/et_n.js, line 6: WebGL context was lost.
JavaScript warning: https://assets.alicdn.com/g/AWSC/et/1.66.7/et_n.js, line 4: WebGL context was lost.
JavaScript warning: https://aeis.alicdn.com/AWSC/uab/1.140.0/collina.js, line 4: WEBGL_debug_renderer_info is deprecated in Firefox and will be removed. Please use RENDERER.
JavaScript warning: https://g.alicdn.com/secdev/sufei_data/3.9.10/index.js, line 1: WebGL context was lost.
JavaScript warning: https://g.alicdn.com/secdev/nsv/1.0.87/ns_f_95_3_n.js?v=1, line 5: WebGL context was lost.
JavaScript warning: https://g.alicdn.com/AWSC/et/1.66.7/et_n.js, line 5: WEBGL_debug_renderer_info is deprecated in Firefox and will be removed. Please use RENDERER.
JavaScript warning: https://g.alicdn.com/AWSC/et/1.66.7/et_n.js, line 6: WebGL context was lost.
JavaScript warning: https://g.alicdn.com/AWSC/et/1.66.7/et_n.js, line 4: WebGL context was lost.
JavaScript warning: https://gum.criteo.com/syncframe?topUrl=pt.aliexpress.com&origin=onetag#{%22bundle%22:{%22origin%22:0,%22value%22:null},%22cw%22:true,%22optout%22:{%22origin%22:0,%22value%22:null},%22origin%22:%22onetag%22,%22sid%22:{%22origin%22:0,%22value%22:null},%22tld%22:%22aliexpress.com%22,%22topUrl%22:%22pt.aliexpress.com%22,%22version%22:%225_17_0%22,%22ifa%22:{%22origin%22:0,%22value%22:null},%22lsw%22:true,%22pm%22:0}, line 14: Script terminated by timeout at:
r.prototype.flushEventQueue@https://gum.criteo.com/syncframe?topUrl=pt.aliexpress.com&origin=onetag#{%22bundle%22:{%22origin%22:0,%22value%22:null},%22cw%22:true,%22optout%22:{%22origin%22:0,%22value%22:null},%22origin%22:%22onetag%22,%22sid%22:{%22origin%22:0,%22value%22:null},%22tld%22:%22aliexpress.com%22,%22topUrl%22:%22pt.aliexpress.com%22,%22version%22:%225_17_0%22,%22ifa%22:{%22origin%22:0,%22value%22:null},%22lsw%22:true,%22pm%22:0}:14:3137
r/<@https://gum.criteo.com/syncframe?topUrl=pt.aliexpress.com&origin=onetag#{%22bundle%22:{%22origin%22:0,%22value%22:null},%22cw%22:true,%22optout%22:{%22origin%22:0,%22value%22:null},%22origin%22:%22onetag%22,%22sid%22:{%22origin%22:0,%22value%22:null},%22tld%22:%22aliexpress.com%22,%22topUrl%22:%22pt.aliexpress.com%22,%22version%22:%225_17_0%22,%22ifa%22:{%22origin%22:0,%22value%22:null},%22lsw%22:true,%22pm%22:0}:14:3642

JavaScript warning: https://g.alicdn.com/secdev/sufei_data/3.9.10/index.js, line 1: WebGL context was lost.
JavaScript warning: https://g.alicdn.com/secdev/nsv/1.0.87/ns_f_95_3_n.js?v=1, line 5: WebGL context was lost.
JavaScript warning: https://g.alicdn.com/AWSC/et/1.66.5/et_n.js, line 7: WEBGL_debug_renderer_info is deprecated in Firefox and will be removed. Please use RENDERER.
JavaScript warning: https://g.alicdn.com/AWSC/et/1.66.5/et_n.js, line 7: WebGL context was lost.
JavaScript warning: https://g.alicdn.com/AWSC/et/1.66.5/et_n.js, line 6: WebGL context was lost.
JavaScript warning: https://aeis.alicdn.com/AWSC/uab/1.140.0/collina.js, line 4: WEBGL_debug_renderer_info is deprecated in Firefox and will be removed. Please use RENDERER.
JavaScript warning: https://assets.alicdn.com/g/secdev/sufei_data/3.9.10/index.js, line 1: WebGL context was lost.
JavaScript warning: https://assets.alicdn.com/g/secdev/nsv/1.0.87/ns_f_95_3_n.js?v=1, line 5: WebGL context was lost.
JavaScript warning: https://assets.alicdn.com/g/AWSC/et/1.66.5/et_n.js, line 7: WEBGL_debug_renderer_info is deprecated in Firefox and will be removed. Please use RENDERER.
JavaScript warning: https://assets.alicdn.com/g/AWSC/et/1.66.5/et_n.js, line 7: WebGL context was lost.
JavaScript warning: https://assets.alicdn.com/g/AWSC/et/1.66.5/et_n.js, line 6: WebGL context was lost.
1693578460249	Marionette	INFO	Stopped listening on port 63839
JavaScript warning: https://assets.alicdn.com/g/ae-fe/cosmos/0.0.186/pc/gep-sdk.js, line 6: Script terminated by timeout at:
oe@https://assets.alicdn.com/g/ae-fe/cosmos/0.0.186/pc/gep-sdk.js:6:80472
te@https://assets.alicdn.com/g/ae-fe/cosmos/0.0.186/pc/gep-sdk.js:6:80252

JavaScript warning: https://is.alicdn.com/js/6v/biz/common/store-proxy/store-proxy2.html?iframe_delete=true line 1 > injectedScript, line 6: Script terminated by timeout at:
o@https://is.alicdn.com/js/6v/biz/common/store-proxy/store-proxy2.html?iframe_delete=true line 1 > injectedScript:6:31989
t@https://is.alicdn.com/js/6v/biz/common/store-proxy/store-proxy2.html?iframe_delete=true line 1 > injectedScript:7:32

Dynamically enable window occlusion 1
