1693578146473	geckodriver	INFO	Listening on 127.0.0.1:63437
1693578149533	mozrunner::runner	INFO	Running command: "C:\\Program Files\\Mozilla Firefox\\firefox.exe" "--marionette" "--remote-debugging-port" "63438" "--remote-allow-hosts" "localhost" "-no-remote" "-profile" "C:\\Users\\ADMINI~1\\AppData\\Local\\Temp\\rust_mozprofilei1vShn"
console.warn: services.settings: Ignoring preference override of remote settings server
console.warn: services.settings: Allow by setting MOZ_REMOTE_SETTINGS_DEVTOOLS=1 in the environment
1693578149756	Marionette	INFO	Marionette enabled
Dynamically enable window occlusion 0
1693578149877	Marionette	INFO	Listening on port 63447
WebDriver BiDi listening on ws://127.0.0.1:63438
Read port: 63447
1693578150149	RemoteAgent	WARN	TLS certificate errors will be ignored for this session
DevTools listening on ws://127.0.0.1:63438/devtools/browser/3bc70d18-894c-417e-87e9-89df93faac3e
JavaScript warning: https://assets.alicdn.com/g/secdev/sufei_data/3.9.10/index.js, line 1: WebGL context was lost.
JavaScript warning: https://assets.alicdn.com/g/secdev/nsv/1.0.87/ns_f_95_3_n.js?v=1, line 5: WebGL context was lost.
JavaScript warning: https://assets.alicdn.com/g/AWSC/et/1.66.7/et_n.js, line 5: WEBGL_debug_renderer_info is deprecated in Firefox and will be removed. Please use RENDERER.
JavaScript warning: https://assets.alicdn.com/g/AWSC/et/1.66.7/et_n.js, line 6: WebGL context was lost.
JavaScript warning: https://assets.alicdn.com/g/AWSC/et/1.66.7/et_n.js, line 4: WebGL context was lost.
JavaScript warning: https://aeis.alicdn.com/AWSC/uab/1.140.0/collina.js, line 4: WEBGL_debug_renderer_info is deprecated in Firefox and will be removed. Please use RENDERER.
JavaScript warning: https://g.alicdn.com/secdev/sufei_data/3.9.10/index.js, line 1: WebGL context was lost.
JavaScript warning: https://g.alicdn.com/AWSC/et/1.66.5/et_n.js, line 7: WEBGL_debug_renderer_info is deprecated in Firefox and will be removed. Please use RENDERER.
JavaScript warning: https://g.alicdn.com/AWSC/et/1.66.5/et_n.js, line 7: WebGL context was lost.
JavaScript warning: https://g.alicdn.com/AWSC/et/1.66.5/et_n.js, line 6: WebGL context was lost.
JavaScript warning: https://g.alicdn.com/secdev/nsv/1.0.87/ns_f_95_3_n.js?v=1, line 5: WebGL context was lost.
1693578158777	Marionette	INFO	Stopped listening on port 63447
JavaScript warning: https://s.go-mpulse.net/boomerang/QNAFN-M5G8E-MTGE9-MRVZ4-ECB7Z, line 10: Script terminated by timeout at:
real_sendBeacon@https://s.go-mpulse.net/boomerang/QNAFN-M5G8E-MTGE9-MRVZ4-ECB7Z:10:25219
i@https://s.go-mpulse.net/boomerang/QNAFN-M5G8E-MTGE9-MRVZ4-ECB7Z:10:20146

JavaScript warning: https://is.alicdn.com/js/6v/biz/common/store-proxy/store-proxy2.html?iframe_delete=true line 1 > injectedScript, line 6: Script terminated by timeout at:
o@https://is.alicdn.com/js/6v/biz/common/store-proxy/store-proxy2.html?iframe_delete=true line 1 > injectedScript:6:31725
t@https://is.alicdn.com/js/6v/biz/common/store-proxy/store-proxy2.html?iframe_delete=true line 1 > injectedScript:7:32

Dynamically enable window occlusion 1
