1693578244969	geckodriver	INFO	Listening on 127.0.0.1:63620
1693578248027	mozrunner::runner	INFO	Running command: "C:\\Program Files\\Mozilla Firefox\\firefox.exe" "--marionette" "--remote-debugging-port" "63621" "--remote-allow-hosts" "localhost" "-no-remote" "-profile" "C:\\Users\\ADMINI~1\\AppData\\Local\\Temp\\rust_mozprofilewZuH9n"
console.warn: services.settings: Ignoring preference override of remote settings server
console.warn: services.settings: Allow by setting MOZ_REMOTE_SETTINGS_DEVTOOLS=1 in the environment
1693578248250	Marionette	INFO	Marionette enabled
Dynamically enable window occlusion 0
1693578248370	Marionette	INFO	Listening on port 63629
WebDriver BiDi listening on ws://127.0.0.1:63621
Read port: 63629
1693578248619	RemoteAgent	WARN	TLS certificate errors will be ignored for this session
DevTools listening on ws://127.0.0.1:63621/devtools/browser/97f699ed-69ba-4398-bce1-52fc3d0c10b8
JavaScript warning: https://assets.alicdn.com/g/secdev/sufei_data/3.9.10/index.js, line 1: WebGL context was lost.
JavaScript warning: https://assets.alicdn.com/g/secdev/nsv/1.0.87/ns_f_95_3_n.js?v=1, line 5: WebGL context was lost.
JavaScript warning: https://assets.alicdn.com/g/AWSC/et/1.66.5/et_n.js, line 7: WEBGL_debug_renderer_info is deprecated in Firefox and will be removed. Please use RENDERER.
JavaScript warning: https://assets.alicdn.com/g/AWSC/et/1.66.5/et_n.js, line 7: WebGL context was lost.
JavaScript warning: https://assets.alicdn.com/g/AWSC/et/1.66.5/et_n.js, line 6: WebGL context was lost.
JavaScript warning: https://aeis.alicdn.com/AWSC/uab/1.140.0/collina.js, line 4: WEBGL_debug_renderer_info is deprecated in Firefox and will be removed. Please use RENDERER.
JavaScript warning: https://g.alicdn.com/secdev/sufei_data/3.9.10/index.js, line 1: WebGL context was lost.
JavaScript warning: https://g.alicdn.com/secdev/nsv/1.0.87/ns_f_95_3_n.js?v=1, line 5: WebGL context was lost.
JavaScript warning: https://g.alicdn.com/AWSC/et/1.66.5/et_n.js, line 7: WEBGL_debug_renderer_info is deprecated in Firefox and will be removed. Please use RENDERER.
JavaScript warning: https://g.alicdn.com/AWSC/et/1.66.5/et_n.js, line 7: WebGL context was lost.
JavaScript warning: https://g.alicdn.com/AWSC/et/1.66.5/et_n.js, line 6: WebGL context was lost.
1693578257053	Marionette	INFO	Stopped listening on port 63629
JavaScript warning: https://assets.alicdn.com/g/ae-fe/cosmos/0.0.186/pc/gep-sdk.js, line 6: Script terminated by timeout at:
oe@https://assets.alicdn.com/g/ae-fe/cosmos/0.0.186/pc/gep-sdk.js:6:80472
te@https://assets.alicdn.com/g/ae-fe/cosmos/0.0.186/pc/gep-sdk.js:6:80252

JavaScript warning: https://is.alicdn.com/js/6v/biz/common/store-proxy/store-proxy2.html?iframe_delete=true line 1 > injectedScript, line 6: Script terminated by timeout at:
o@https://is.alicdn.com/js/6v/biz/common/store-proxy/store-proxy2.html?iframe_delete=true line 1 > injectedScript:6:31725
t@https://is.alicdn.com/js/6v/biz/common/store-proxy/store-proxy2.html?iframe_delete=true line 1 > injectedScript:7:32

Dynamically enable window occlusion 1
!!! error running onStopped callback: TypeError: callback is not a function
